<?xml version="1.0" encoding="UTF-8"?>
<!-- Generated by org.testng.reporters.JUnitXMLReporter -->
<testsuite ignored="0" hostname="LAPTOP-CVQDGN4H" failures="1" tests="2" name="StandAlone Test" time="31.994" errors="0" timestamp="2025-05-09T13:21:20 IST">
  <testcase classname="rahulshettyacademy.tests.StandAloneTest" name="submitOrder" time="7.023"/>
  <testcase classname="rahulshettyacademy.tests.StandAloneTest" name="submitOrder" time="13.786">
    <failure type="java.lang.AssertionError" message="expected [true] but found [false]">
      <![CDATA[java.lang.AssertionError: expected [true] but found [false]
at rahulshettyacademy.tests.StandAloneTest.submitOrder(StandAloneTest.java:49)
at java.base/java.util.ArrayList.forEach(ArrayList.java:1596)
at java.base/java.util.concurrent.FutureTask.run(FutureTask.java:317)
at java.base/java.util.concurrent.ThreadPoolExecutor.runWorker(ThreadPoolExecutor.java:1144)
at java.base/java.util.concurrent.ThreadPoolExecutor$Worker.run(ThreadPoolExecutor.java:642)
at java.base/java.lang.Thread.run(Thread.java:1583)
... Removed 20 stack frames]]>
    </failure>
  </testcase> <!-- submitOrder -->
</testsuite> <!-- StandAlone Test -->
