<?xml version="1.0" encoding="UTF-8"?>
<!-- Generated by org.testng.reporters.JUnitXMLReporter -->
<testsuite ignored="0" hostname="LAPTOP-CVQDGN4H" failures="0" tests="2" name="SubmitOrder Test" time="18.194" errors="0" timestamp="2025-05-11T12:41:25 IST">
  <testcase classname="rahulshettyacademy.tests.SubmitOrderTest" name="submitOrder" time="4.726"/>
  <testcase classname="rahulshettyacademy.tests.SubmitOrderTest" name="OrderHistorytest" time="0.692"/>
</testsuite> <!-- SubmitOrder Test -->
